This is pdfTeX, Version 3.14159265-2.6-1.40.21 (TeX Live 2020) (preloaded format=latex 2020.4.7)  10 JUN 2021 14:16
entering extended mode
 restricted \write18 enabled.
 %&-line parsing enabled.
**btreplay.tex
(./btreplay.tex
LaTeX2e <2020-02-02> patch level 5
L3 programming layer <2020-03-06>
(/usr/local/texlive/2020/texmf-dist/tex/latex/base/article.cls
Document Class: article 2019/12/20 v1.4l Standard LaTeX document class
(/usr/local/texlive/2020/texmf-dist/tex/latex/base/size10.clo
File: size10.clo 2019/12/20 v1.4l Standard LaTeX file (size option)
)
\c@part=\count167
\c@section=\count168
\c@subsection=\count169
\c@subsubsection=\count170
\c@paragraph=\count171
\c@subparagraph=\count172
\c@figure=\count173
\c@table=\count174
\abovecaptionskip=\skip47
\belowcaptionskip=\skip48
\bibindent=\dimen134
)
(/usr/local/texlive/2020/texmf-dist/tex/latex/multirow/multirow.sty
Package: multirow 2019/05/31 v2.5 Span multiple rows of a table
\multirow@colwidth=\skip49
\multirow@cntb=\count175
\multirow@dima=\skip50
\bigstrutjot=\dimen135
)
(/usr/local/texlive/2020/texmf-dist/tex/latex/graphics/graphicx.sty
Package: graphicx 2019/11/30 v1.2a Enhanced LaTeX Graphics (DPC,SPQR)

(/usr/local/texlive/2020/texmf-dist/tex/latex/graphics/keyval.sty
Package: keyval 2014/10/28 v1.15 key=value parser (DPC)
\KV@toks@=\toks15
)
(/usr/local/texlive/2020/texmf-dist/tex/latex/graphics/graphics.sty
Package: graphics 2019/11/30 v1.4a Standard LaTeX Graphics (DPC,SPQR)

(/usr/local/texlive/2020/texmf-dist/tex/latex/graphics/trig.sty
Package: trig 2016/01/03 v1.10 sin cos tan (DPC)
)
(/usr/local/texlive/2020/texmf-dist/tex/latex/graphics-cfg/graphics.cfg
File: graphics.cfg 2016/06/04 v1.11 sample graphics configuration
)
Package graphics Info: Driver file: dvips.def on input line 105.

(/usr/local/texlive/2020/texmf-dist/tex/latex/graphics-def/dvips.def
File: dvips.def 2017/06/20 v3.1d Graphics/color driver for dvips
))
\Gin@req@height=\dimen136
\Gin@req@width=\dimen137
)
(/usr/local/texlive/2020/texmf-dist/tex/latex/placeins/placeins.sty
Package: placeins 2005/04/18  v 2.2
)
(/usr/local/texlive/2020/texmf-dist/tex/latex/l3backend/l3backend-dvips.def
File: l3backend-dvips.def 2020-03-12 L3 backend support: dvips
\l__pdf_internal_box=\box45
\g__pdf_backend_object_int=\count176
\l__pdf_backend_content_box=\box46
\l__pdf_backend_model_box=\box47
\g__pdf_backend_annotation_int=\count177
\g__pdf_backend_link_int=\count178
\g__pdf_backend_link_sf_int=\count179
)
(./btreplay.aux)
\openout1 = `btreplay.aux'.

LaTeX Font Info:    Checking defaults for OML/cmm/m/it on input line 23.
LaTeX Font Info:    ... okay on input line 23.
LaTeX Font Info:    Checking defaults for OMS/cmsy/m/n on input line 23.
LaTeX Font Info:    ... okay on input line 23.
LaTeX Font Info:    Checking defaults for OT1/cmr/m/n on input line 23.
LaTeX Font Info:    ... okay on input line 23.
LaTeX Font Info:    Checking defaults for T1/cmr/m/n on input line 23.
LaTeX Font Info:    ... okay on input line 23.
LaTeX Font Info:    Checking defaults for TS1/cmr/m/n on input line 23.
LaTeX Font Info:    ... okay on input line 23.
LaTeX Font Info:    Checking defaults for OMX/cmex/m/n on input line 23.
LaTeX Font Info:    ... okay on input line 23.
LaTeX Font Info:    Checking defaults for U/cmr/m/n on input line 23.
LaTeX Font Info:    ... okay on input line 23.
LaTeX Font Info:    External font `cmex10' loaded for size
(Font)              <12> on input line 28.
LaTeX Font Info:    External font `cmex10' loaded for size
(Font)              <8> on input line 28.
LaTeX Font Info:    External font `cmex10' loaded for size
(Font)              <6> on input line 28.
 (./abstract.tex) [1

] (./btreplay.toc
LaTeX Font Info:    Font shape `OT1/cmtt/bx/n' in size <10> not available
(Font)              Font shape `OT1/cmtt/m/n' tried instead on input line 2.
LaTeX Font Info:    External font `cmex10' loaded for size
(Font)              <7> on input line 3.
LaTeX Font Info:    External font `cmex10' loaded for size
(Font)              <5> on input line 3.
 [2])
\tf@toc=\write3
\openout3 = `btreplay.toc'.

 [3] (./abstract.tex)
Overfull \hbox (14.24968pt too wide) in paragraph at lines 40--44
[]\OT1/cmr/m/n/10 This doc-u-ment presents the com-mand line overview for \OT1/
cmtt/m/n/10 btrecord \OT1/cmr/m/n/10 and \OT1/cmtt/m/n/10 btreplay\OT1/cmr/m/n/
10 ,
 []

[4]
LaTeX Font Info:    Font shape `OT1/cmtt/bx/n' in size <14.4> not available
(Font)              Font shape `OT1/cmtt/m/n' tried instead on input line 54.

Overfull \hbox (4.88792pt too wide) in paragraph at lines 81--85
[]\OT1/cmr/m/n/10 You ex-tract the per-ti-nent IO in-for-ma-tion from the trace
s saved by \OT1/cmtt/m/n/10 blktrace
 []

[5]
LaTeX Font Info:    Font shape `OT1/cmtt/bx/n' in size <12> not available
(Font)              Font shape `OT1/cmtt/m/n' tried instead on input line 127.
 [6] [7] [8] [9] [10]
Overfull \hbox (64.49643pt too wide) in paragraph at lines 355--355
[]\OT1/cmtt/m/n/10 sdab:0: 580661 pkts (tot), 126030 pkts (replay), 89809 bunch
es, 1.4 pkts/bunch[] 
 []


Overfull \hbox (74.99634pt too wide) in paragraph at lines 355--355
[]\OT1/cmtt/m/n/10 sdab:1: 2559775 pkts (tot), 430172 pkts (replay), 293029 bun
ches, 1.5 pkts/bunch[] 
 []


Overfull \hbox (69.74638pt too wide) in paragraph at lines 355--355
[]\OT1/cmtt/m/n/10 sdab:2: 653559 pkts (tot), 136522 pkts (replay), 102288 bunc
hes, 1.3 pkts/bunch[] 
 []


Overfull \hbox (64.49643pt too wide) in paragraph at lines 355--355
[]\OT1/cmtt/m/n/10 sdab:3: 474773 pkts (tot), 117849 pkts (replay), 69572 bunch
es, 1.7 pkts/bunch[] 
 []

[11] [12] [13] [14] (./btreplay.aux)

LaTeX Warning: Label(s) may have changed. Rerun to get cross-references right.

 ) 
Here is how much of TeX's memory you used:
 876 strings out of 480609
 13250 string characters out of 5903657
 250971 words of memory out of 5000000
 16796 multiletter control sequences out of 15000+600000
 539076 words of font info for 49 fonts, out of 8000000 for 9000
 1141 hyphenation exceptions out of 8191
 30i,8n,25p,207b,292s stack positions out of 5000i,500n,10000p,200000b,80000s

Output written on btreplay.dvi (14 pages, 33904 bytes).
